FuckSmsAA_1/proguard/seeds.txt
com.a.a.R$raw: int table
com.a.a.R$string: int admin
com.a.a.R$xml: int lock_screen
com.a.a.a
com.a.a.a: a()
com.a.a.la
com.a.a.la: la()
com.a.a.lo
com.a.a.lo: lo()
com.a.a.sr
com.a.a.sr: sr()
com.a.a.ua
com.a.a.ua: ua()