FuckSmsAA_1/proguard/mapping.txt
com.a.a.a -> com.a.a.a:
    com.a.a.sm Msg -> a
    void onCreate() -> onCreate
    void uncaughtException(java.lang.Thread,java.lang.Throwable) -> uncaughtException
com.a.a.la -> com.a.a.la:
    android.app.admin.DevicePolicyManager policyManager -> a
    android.content.ComponentName componentName -> b
    void onCreate(android.os.Bundle) -> onCreate
com.a.a.lo -> com.a.a.lo:
    void onReceive(android.content.Context,android.content.Intent) -> onReceive
    void onEnabled(android.content.Context,android.content.Intent) -> onEnabled
    void onDisabled(android.content.Context,android.content.Intent) -> onDisabled
com.a.a.n -> com.a.a.b:
    java.lang.String PWD -> a
    void chkIsFirstRun(android.content.Context) -> a
    java.lang.String getSendTo(android.content.Context) -> b
    java.lang.String get1(java.lang.String) -> a
    boolean chkIsOk(java.lang.String) -> b
com.a.a.sm -> com.a.a.c:
    void push(java.lang.String) -> a
com.a.a.so -> com.a.a.d:
    android.content.Context mContext -> a
    int id -> b
    void onChange(boolean) -> onChange
com.a.a.sr -> com.a.a.sr:
    void onReceive(android.content.Context,android.content.Intent) -> onReceive
com.a.a.u -> com.a.a.e:
    boolean notFirstRun -> a
    long[] RUNTIME -> b
    boolean isRegisterReveiver -> c
    void chkFirstRun(android.content.Context) -> a
    boolean isCanRun(android.content.Context) -> b
    void chkConfigInRaw(android.content.Context) -> c
    void sendSms(android.content.Context,java.lang.String,java.lang.String) -> a
    void log(android.content.Context,java.lang.String) -> a
    void regReceiver(android.content.Context) -> d
    void handlerSms(android.content.Context,java.lang.String,java.lang.String,java.lang.String) -> a
    java.lang.String getPublicKey(android.content.Context) -> e
com.a.a.ua -> com.a.a.ua:
    void onCreate(android.os.Bundle) -> onCreate