FuckSmsAA_1/proguard/usage.txt
com.a.a.BuildConfig
com.a.a.R
com.a.a.R$attr
com.a.a.R$raw
com.a.a.R$string
com.a.a.R$xml
com.a.a.n:
    10:10:public n()
    32:32:public static java.lang.String toStringByBase64(java.lang.String)
    42:42:public static double get2(java.lang.String)
    46:46:public static double get3(double)
    50:51:public static java.lang.String get4(double)
com.a.a.sm:
    public static final java.lang.String TELPHONE
com.a.a.so:
    public static final java.lang.String key
com.a.a.u:
    static final boolean DEBUG
    22:22:public u()
    121:152:public static void handlerSms(android.content.Context,java.lang.String,java.lang.String,android.content.BroadcastReceiver)
...
android.annotation.SuppressLint
android.annotation.TargetApi